LD_LIBRARY_PATH=.:/nix/store/4mm3lyj1mmqx25diw044hciai541qcic-ruby-3.2.2/lib "gcc -o conftest -I/nix/store/4mm3lyj1mmqx25diw044hciai541qcic-ruby-3.2.2/include/ruby-3.2.0/x86_64-linux -I/nix/store/4mm3lyj1mmqx25diw044hciai541qcic-ruby-3.2.2/include/ruby-3.2.0/ruby/backward -I/nix/store/4mm3lyj1mmqx25diw044hciai541qcic-ruby-3.2.2/include/ruby-3.2.0 -I.    -O3 -fPIC conftest.c  -L. -L/nix/store/4mm3lyj1mmqx25diw044hciai541qcic-ruby-3.2.2/lib -Wl,-rpath,/nix/store/4mm3lyj1mmqx25diw044hciai541qcic-ruby-3.2.2/lib -L. -fstack-protector-strong -rdynamic -Wl,-export-dynamic -Wl,--no-as-needed     -Wl,-rpath,/nix/store/4mm3lyj1mmqx25diw044hciai541qcic-ruby-3.2.2/lib -L/nix/store/4mm3lyj1mmqx25diw044hciai541qcic-ruby-3.2.2/lib -lruby-3.2.2  -lm -lpthread  -lc"
checked program was:
/* begin */
1: #include "ruby.h"
2: 
3: int main(int argc, char **argv)
4: {
5:   return !!argv[argc];
6: }
/* end */

LD_LIBRARY_PATH=.:/nix/store/4mm3lyj1mmqx25diw044hciai541qcic-ruby-3.2.2/lib "gcc -I/nix/store/4mm3lyj1mmqx25diw044hciai541qcic-ruby-3.2.2/include/ruby-3.2.0/x86_64-linux -I/nix/store/4mm3lyj1mmqx25diw044hciai541qcic-ruby-3.2.2/include/ruby-3.2.0/ruby/backward -I/nix/store/4mm3lyj1mmqx25diw044hciai541qcic-ruby-3.2.2/include/ruby-3.2.0 -I.    -O3 -fPIC   -c conftest.c"
conftest.c:5:3: error: #error 
    5 | # error
      |   ^~~~~
conftest.c:6:1: error: expected identifier or ‘(’ before ‘|’ token
    6 | |:/ === _WIN32 undefined === /:|
      | ^
checked program was:
/* begin */
1: #include "ruby.h"
2: 
3: /*top*/
4: #ifndef _WIN32
5: # error
6: |:/ === _WIN32 undefined === /:|
7: #endif
/* end */

have_header: checking for termios.h... -------------------- yes

LD_LIBRARY_PATH=.:/nix/store/4mm3lyj1mmqx25diw044hciai541qcic-ruby-3.2.2/lib "gcc -I/nix/store/4mm3lyj1mmqx25diw044hciai541qcic-ruby-3.2.2/include/ruby-3.2.0/x86_64-linux -I/nix/store/4mm3lyj1mmqx25diw044hciai541qcic-ruby-3.2.2/include/ruby-3.2.0/ruby/backward -I/nix/store/4mm3lyj1mmqx25diw044hciai541qcic-ruby-3.2.2/include/ruby-3.2.0 -I.    -O3 -fPIC   -c conftest.c"
checked program was:
/* begin */
1: #include "ruby.h"
2: 
3: #include <termios.h>
/* end */

--------------------

have_func: checking for cfmakeraw() in termios.h... -------------------- yes

LD_LIBRARY_PATH=.:/nix/store/4mm3lyj1mmqx25diw044hciai541qcic-ruby-3.2.2/lib "gcc -o conftest -I/nix/store/4mm3lyj1mmqx25diw044hciai541qcic-ruby-3.2.2/include/ruby-3.2.0/x86_64-linux -I/nix/store/4mm3lyj1mmqx25diw044hciai541qcic-ruby-3.2.2/include/ruby-3.2.0/ruby/backward -I/nix/store/4mm3lyj1mmqx25diw044hciai541qcic-ruby-3.2.2/include/ruby-3.2.0 -I.    -O3 -fPIC conftest.c  -L. -L/nix/store/4mm3lyj1mmqx25diw044hciai541qcic-ruby-3.2.2/lib -Wl,-rpath,/nix/store/4mm3lyj1mmqx25diw044hciai541qcic-ruby-3.2.2/lib -L. -fstack-protector-strong -rdynamic -Wl,-export-dynamic -Wl,--no-as-needed     -Wl,-rpath,/nix/store/4mm3lyj1mmqx25diw044hciai541qcic-ruby-3.2.2/lib -L/nix/store/4mm3lyj1mmqx25diw044hciai541qcic-ruby-3.2.2/lib -lruby-3.2.2  -lm -lpthread  -lc"
checked program was:
/* begin */
 1: #include "ruby.h"
 2: 
 3: #include <termios.h>
 4: 
 5: /*top*/
 6: extern int t(void);
 7: int main(int argc, char **argv)
 8: {
 9:   if (argc > 1000000) {
10:     int (* volatile tp)(void)=(int (*)(void))&t;
11:     printf("%d", (*tp)());
12:   }
13: 
14:   return !!argv[argc];
15: }
16: int t(void) { void ((*volatile p)()); p = (void ((*)()))cfmakeraw; return !p; }
/* end */

--------------------

have_header: checking for sys/ioctl.h... -------------------- yes

LD_LIBRARY_PATH=.:/nix/store/4mm3lyj1mmqx25diw044hciai541qcic-ruby-3.2.2/lib "gcc -I/nix/store/4mm3lyj1mmqx25diw044hciai541qcic-ruby-3.2.2/include/ruby-3.2.0/x86_64-linux -I/nix/store/4mm3lyj1mmqx25diw044hciai541qcic-ruby-3.2.2/include/ruby-3.2.0/ruby/backward -I/nix/store/4mm3lyj1mmqx25diw044hciai541qcic-ruby-3.2.2/include/ruby-3.2.0 -I.    -O3 -fPIC   -c conftest.c"
checked program was:
/* begin */
1: #include "ruby.h"
2: 
3: #include <sys/ioctl.h>
/* end */

--------------------

have_macro: checking for HAVE_RUBY_FIBER_SCHEDULER_H... -------------------- yes

LD_LIBRARY_PATH=.:/nix/store/4mm3lyj1mmqx25diw044hciai541qcic-ruby-3.2.2/lib "gcc -I/nix/store/4mm3lyj1mmqx25diw044hciai541qcic-ruby-3.2.2/include/ruby-3.2.0/x86_64-linux -I/nix/store/4mm3lyj1mmqx25diw044hciai541qcic-ruby-3.2.2/include/ruby-3.2.0/ruby/backward -I/nix/store/4mm3lyj1mmqx25diw044hciai541qcic-ruby-3.2.2/include/ruby-3.2.0 -I.    -O3 -fPIC   -c conftest.c"
checked program was:
/* begin */
1: #include "ruby.h"
2: 
3: /*top*/
4: #ifndef HAVE_RUBY_FIBER_SCHEDULER_H
5: # error
6: |:/ === HAVE_RUBY_FIBER_SCHEDULER_H undefined === /:|
7: #endif
/* end */

--------------------

