have_header: checking for unistd.h... -------------------- yes

LD_LIBRARY_PATH=.:/nix/store/4mm3lyj1mmqx25diw044hciai541qcic-ruby-3.2.2/lib "gcc -o conftest -I/nix/store/4mm3lyj1mmqx25diw044hciai541qcic-ruby-3.2.2/include/ruby-3.2.0/x86_64-linux -I/nix/store/4mm3lyj1mmqx25diw044hciai541qcic-ruby-3.2.2/include/ruby-3.2.0/ruby/backward -I/nix/store/4mm3lyj1mmqx25diw044hciai541qcic-ruby-3.2.2/include/ruby-3.2.0 -I.    -O3 -fPIC conftest.c  -L. -L/nix/store/4mm3lyj1mmqx25diw044hciai541qcic-ruby-3.2.2/lib -Wl,-rpath,/nix/store/4mm3lyj1mmqx25diw044hciai541qcic-ruby-3.2.2/lib -L. -fstack-protector-strong -rdynamic -Wl,-export-dynamic -Wl,--no-as-needed     -Wl,-rpath,/nix/store/4mm3lyj1mmqx25diw044hciai541qcic-ruby-3.2.2/lib -L/nix/store/4mm3lyj1mmqx25diw044hciai541qcic-ruby-3.2.2/lib -lruby-3.2.2  -lm -lpthread  -lc"
checked program was:
/* begin */
1: #include "ruby.h"
2: 
3: int main(int argc, char **argv)
4: {
5:   return !!argv[argc];
6: }
/* end */

LD_LIBRARY_PATH=.:/nix/store/4mm3lyj1mmqx25diw044hciai541qcic-ruby-3.2.2/lib "gcc -I/nix/store/4mm3lyj1mmqx25diw044hciai541qcic-ruby-3.2.2/include/ruby-3.2.0/x86_64-linux -I/nix/store/4mm3lyj1mmqx25diw044hciai541qcic-ruby-3.2.2/include/ruby-3.2.0/ruby/backward -I/nix/store/4mm3lyj1mmqx25diw044hciai541qcic-ruby-3.2.2/include/ruby-3.2.0 -I.    -O3 -fPIC   -c conftest.c"
checked program was:
/* begin */
1: #include "ruby.h"
2: 
3: #include <unistd.h>
/* end */

--------------------

have_header: checking for linux/aio_abi.h... -------------------- yes

LD_LIBRARY_PATH=.:/nix/store/4mm3lyj1mmqx25diw044hciai541qcic-ruby-3.2.2/lib "gcc -I/nix/store/4mm3lyj1mmqx25diw044hciai541qcic-ruby-3.2.2/include/ruby-3.2.0/x86_64-linux -I/nix/store/4mm3lyj1mmqx25diw044hciai541qcic-ruby-3.2.2/include/ruby-3.2.0/ruby/backward -I/nix/store/4mm3lyj1mmqx25diw044hciai541qcic-ruby-3.2.2/include/ruby-3.2.0 -I.    -O3 -fPIC   -c conftest.c"
checked program was:
/* begin */
1: #include "ruby.h"
2: 
3: #include <linux/aio_abi.h>
/* end */

--------------------

have_header: checking for linux/io_uring.h... -------------------- yes

LD_LIBRARY_PATH=.:/nix/store/4mm3lyj1mmqx25diw044hciai541qcic-ruby-3.2.2/lib "gcc -I/nix/store/4mm3lyj1mmqx25diw044hciai541qcic-ruby-3.2.2/include/ruby-3.2.0/x86_64-linux -I/nix/store/4mm3lyj1mmqx25diw044hciai541qcic-ruby-3.2.2/include/ruby-3.2.0/ruby/backward -I/nix/store/4mm3lyj1mmqx25diw044hciai541qcic-ruby-3.2.2/include/ruby-3.2.0 -I.    -O3 -fPIC   -c conftest.c"
checked program was:
/* begin */
1: #include "ruby.h"
2: 
3: #include <linux/io_uring.h>
/* end */

--------------------

have_header: checking for sys/select.h... -------------------- yes

LD_LIBRARY_PATH=.:/nix/store/4mm3lyj1mmqx25diw044hciai541qcic-ruby-3.2.2/lib "gcc -I/nix/store/4mm3lyj1mmqx25diw044hciai541qcic-ruby-3.2.2/include/ruby-3.2.0/x86_64-linux -I/nix/store/4mm3lyj1mmqx25diw044hciai541qcic-ruby-3.2.2/include/ruby-3.2.0/ruby/backward -I/nix/store/4mm3lyj1mmqx25diw044hciai541qcic-ruby-3.2.2/include/ruby-3.2.0 -I.    -O3 -fPIC   -c conftest.c"
checked program was:
/* begin */
1: #include "ruby.h"
2: 
3: #include <sys/select.h>
/* end */

--------------------

have_type: checking for port_event_t in poll.h... -------------------- no

LD_LIBRARY_PATH=.:/nix/store/4mm3lyj1mmqx25diw044hciai541qcic-ruby-3.2.2/lib "gcc -I/nix/store/4mm3lyj1mmqx25diw044hciai541qcic-ruby-3.2.2/include/ruby-3.2.0/x86_64-linux -I/nix/store/4mm3lyj1mmqx25diw044hciai541qcic-ruby-3.2.2/include/ruby-3.2.0/ruby/backward -I/nix/store/4mm3lyj1mmqx25diw044hciai541qcic-ruby-3.2.2/include/ruby-3.2.0 -I.    -O3 -fPIC   -c conftest.c"
conftest.c:6:9: error: unknown type name ‘port_event_t’
    6 | typedef port_event_t conftest_type;
      |         ^~~~~~~~~~~~
checked program was:
/* begin */
1: #include "ruby.h"
2: 
3: #include <poll.h>
4: 
5: /*top*/
6: typedef port_event_t conftest_type;
7: int conftestval[sizeof(conftest_type)?1:-1];
/* end */

--------------------

have_header: checking for sys/epoll.h... -------------------- yes

LD_LIBRARY_PATH=.:/nix/store/4mm3lyj1mmqx25diw044hciai541qcic-ruby-3.2.2/lib "gcc -I/nix/store/4mm3lyj1mmqx25diw044hciai541qcic-ruby-3.2.2/include/ruby-3.2.0/x86_64-linux -I/nix/store/4mm3lyj1mmqx25diw044hciai541qcic-ruby-3.2.2/include/ruby-3.2.0/ruby/backward -I/nix/store/4mm3lyj1mmqx25diw044hciai541qcic-ruby-3.2.2/include/ruby-3.2.0 -I.    -O3 -fPIC   -c conftest.c"
checked program was:
/* begin */
1: #include "ruby.h"
2: 
3: #include <sys/epoll.h>
/* end */

--------------------

have_header: checking for sys/event.h... -------------------- no

LD_LIBRARY_PATH=.:/nix/store/4mm3lyj1mmqx25diw044hciai541qcic-ruby-3.2.2/lib "gcc -I/nix/store/4mm3lyj1mmqx25diw044hciai541qcic-ruby-3.2.2/include/ruby-3.2.0/x86_64-linux -I/nix/store/4mm3lyj1mmqx25diw044hciai541qcic-ruby-3.2.2/include/ruby-3.2.0/ruby/backward -I/nix/store/4mm3lyj1mmqx25diw044hciai541qcic-ruby-3.2.2/include/ruby-3.2.0 -I.    -O3 -fPIC   -c conftest.c"
conftest.c:3:10: fatal error: sys/event.h: No such file or directory
    3 | #include <sys/event.h>
      |          ^~~~~~~~~~~~~
compilation terminated.
checked program was:
/* begin */
1: #include "ruby.h"
2: 
3: #include <sys/event.h>
/* end */

--------------------

have_type: checking for port_event_t in port.h... -------------------- no

LD_LIBRARY_PATH=.:/nix/store/4mm3lyj1mmqx25diw044hciai541qcic-ruby-3.2.2/lib "gcc -I/nix/store/4mm3lyj1mmqx25diw044hciai541qcic-ruby-3.2.2/include/ruby-3.2.0/x86_64-linux -I/nix/store/4mm3lyj1mmqx25diw044hciai541qcic-ruby-3.2.2/include/ruby-3.2.0/ruby/backward -I/nix/store/4mm3lyj1mmqx25diw044hciai541qcic-ruby-3.2.2/include/ruby-3.2.0 -I.    -O3 -fPIC   -c conftest.c"
conftest.c:3:10: fatal error: port.h: No such file or directory
    3 | #include <port.h>
      |          ^~~~~~~~
compilation terminated.
checked program was:
/* begin */
1: #include "ruby.h"
2: 
3: #include <port.h>
4: 
5: /*top*/
6: typedef port_event_t conftest_type;
7: int conftestval[sizeof(conftest_type)?1:-1];
/* end */

--------------------

have_header: checking for sys/resource.h... -------------------- yes

LD_LIBRARY_PATH=.:/nix/store/4mm3lyj1mmqx25diw044hciai541qcic-ruby-3.2.2/lib "gcc -I/nix/store/4mm3lyj1mmqx25diw044hciai541qcic-ruby-3.2.2/include/ruby-3.2.0/x86_64-linux -I/nix/store/4mm3lyj1mmqx25diw044hciai541qcic-ruby-3.2.2/include/ruby-3.2.0/ruby/backward -I/nix/store/4mm3lyj1mmqx25diw044hciai541qcic-ruby-3.2.2/include/ruby-3.2.0 -I.    -O3 -fPIC   -c conftest.c"
checked program was:
/* begin */
1: #include "ruby.h"
2: 
3: #include <sys/resource.h>
/* end */

--------------------

